<?xml version="1.0" encoding="UTF-8"?>
<testExecutions version="1">
  <file path="C:\Users\NDENNY\EDUC-PEN-REQUEST\frontend\test\unit\components\Login.spec.js">
  </file>
  <file path="C:\Users\NDENNY\EDUC-PEN-REQUEST\frontend\test\unit\components\App.spec.js">
  </file>
  <file path="C:\Users\NDENNY\EDUC-PEN-REQUEST\frontend\test\unit\components\Landing.spec.js">
  </file>
  <file path="C:\Users\NDENNY\EDUC-PEN-REQUEST\frontend\test\unit\components\Header.spec.js">
  </file>
  <file path="C:\Users\NDENNY\EDUC-PEN-REQUEST\frontend\test\unit\components\Footer.spec.js">
  </file>
  <file path="C:\Users\NDENNY\EDUC-PEN-REQUEST\frontend\test\unit\components\Home.spec.js">
  </file>
</testExecutions>